BU=XNE
BUS_INTERFACE_DEF_VERSION=0.24
CENTRAL_TOOL_CONFIG=/p/hdk/pu_tu/prd/global_tools/abc/latest
CFG_PROJECT=abc
CHEETAH_RTL_ROOT=/p/hdk/cad/Cheetah-RTL/2023.12.sp1.p03
COLLAGE_INTF_DEF_VERSION=3.9.7
COLORFGBG=15;0
COLORTERM=truecolor
COV_TOOLS=/nfs/site/disks/xne_abc_fe_002/fw_tools/cov-analysis-linux64-2022.3.1/bin
CPU=x86_64
CSHEDIT=emacs
CSHRCREAD=true
CTH_CONFIG_ROOT=/p/hdk/etc/Projects
CTH_PERL5LIB=/nfs/site/proj/hdk/pu_tu/prd/liteinfra/1.15.SP1.p02/commonFlow/lib/perl
CTH_PYTHONPATH=/nfs/site/proj/hdk/pu_tu/prd/liteinfra/1.15.SP1.p02/commonFlow/lib/python
CTH_SESSION_ID=chandrbi_3814_461353673
CTH_SETUP_CMD=/nfs/site/proj/hdk/pu_tu/prd/liteinfra/1.15.SP1.p02/commonFlow/bin/cth_psetup -proj abc/24.02.015 -cfg HWCFE -read_only
CVS_RSH=ssh
DBUS_SESSION_BUS_ADDRESS=unix:abstract=/tmp/dbus-AZZwUunyac,guid=2eab4e1eb804ea7134c41ce9666fc14d
DEFACTO_HOME=/p/hdk/rtl/cad/x86-64_linux26/defacto/STAR//SoC_Compiler_9.0.00.657r
DEFACTO_HOME_PATH=/p/hdk/rtl/cad/x86-64_linux26/defacto/STAR/
DESIGNWARE_HOME=/p/hdk/rtl/cad/x86-64_linux44/synopsys/designware/V-2023.09-6
DESKTOP_SESSION=xfce
DISPLAY=sccf06104916.zsc14.intel.com:17.0
EC_ENV_PROJ=default
EC_ENV_ROOT=/usr/intel/pkgs/eclogin/1.0
EC_OU=unknown
EC_SITE=zsc14
EC_SITECODE=SC
EC_UNAME=Linux_4.12.14-122.201-default_x86_64
EC_ZONE=zsc14
EDITOR=/bin/vi
FE_ACTIVITY_MAPPING=baseline_tools/activity_dir.map
FE_BASELINE_TOOLS=baseline_tools
FE_REPO_CMD=/usr/intel/bin/git rev-parse --show-toplevel
FROM_HEADER=
FVWM_USERDIR=/nfs/site/home/chandrbi
GIT_REPOS=/nfs/site/disks/abc.git.01
GK_BRANCH=abc_emul
GK_BUGS=
GK_CENTRAL_REPO=/nfs/site/disks/abc.git.01/abc_emul-srvrgen4
GK_CFGDIR_CLIENT=/p/hdk/pu_tu/prd/gatekeeper_configs/abc/latest
GK_CLIENT_VERSION=4.51.01_22ww42a
GK_CLIENT_VERSION_TIME=0
GK_CLUSTER=abc_emul
GK_CONFIG_DIR=/p/hdk/pu_tu/prd/gatekeeper_configs/abc/latest
GK_DIR=/p/hdk/rtl/proj_tools/gatekeeper4/master/4.51.01_22ww42a
GK_DIR_CLIENT=/p/hdk/rtl/proj_tools/gatekeeper4/master/4.51.01_22ww42a
GK_DIR_REAL=/nfs/site/disks/crt_tools_045/gatekeeper4/master/4.51.01_22ww42a/bin
GK_ECOS=
GK_HOST=sccf06104916.zsc14.intel.com
GK_MAILLIST=
GK_MOCKTURNIN_DONE=0
GK_MODELROOT=/nfs/site/disks/zsc14.xne_abc_fe_001/users/chandrbi/emulval_0p8_17Jun/abc_emul-srvrgen4
GK_PROJECT=
GK_RELEASE_TIME=1665516662
GK_RELEASE_VERSION=4.51.01_22ww42a
GK_STEP=srvrgen4
GK_STEPPING=srvrgen4
GK_TURNIN_CMDLINE_ARGS=-c abc_emul -s srvrgen4 -comments updated RCS tests
GK_TURNIN_COMMENTS_FILE=/nfs/site/disks/zsc14.xne_abc_fe_001/users/chandrbi/emulval_0p8_17Jun/abc_emul-srvrgen4/GATEKEEPER/turnin_comments
GK_TURNIN_INITIAL_ENV_PATH=/p/hdk/rtl/cad/x86-64_linux26/defacto/STAR//SoC_Compiler_9.0.00.657r/linux_x86/bin/:/p/hdk/cad/matlab/R2021b/bin/:/p/hdk/pu_tu/prd/proj_bin/abc/latest:/usr/intel/bin:/bin:/usr/bin:.:/usr/sbin:/usr/bin/X11:/usr/local/bin:/usr/games:/usr/lib/mit/bin:/usr/lib/mit/sbin:/nfs/site/proj/hdk/pu_tu/prd/liteinfra/1.15.SP1.p02/commonFlow/bin/
GK_USER=chandrbi
GK_USER_CONTOUR_PATH=/nfs/site/disks/zsc14.xne_abc_fe_001/users/chandrbi/emulval_0p8_17Jun/abc_emul-srvrgen4
GK_USER_ROOT=/nfs/site/disks/zsc14.xne_abc_fe_001/users/chandrbi/emulval_0p8_17Jun/abc_emul-srvrgen4
GK_VERSION=4.51.01_22ww42a
GK_VERSION_CLIENT=4.51.01_22ww42a
GK_WORKSPACE=/nfs/site/disks/zsc14.xne_abc_fe_001/users/chandrbi/emulval_0p8_17Jun/abc_emul-srvrgen4
GLADE_CATALOG_PATH=:
GLADE_MODULE_PATH=:
GLADE_PIXMAP_PATH=:
GPG_AGENT_INFO=/tmp/gpg-IZUiIK/S.gpg-agent:32000:1
GROFF_NO_SGR=yes
GROUP=intelall
G_BROKEN_FILENAMES=1
G_FILENAME_ENCODING=@locale,UTF-8,ISO-8859-15,CP1252
HIDFT_LICENSE_FILE=2326@defacto02p.elic.intel.com:2326@defacto01p.elic.intel.com:2326@defacto03p.elic.intel.com:2326@defacto04p.elic.intel.com
HOME=/nfs/site/home/chandrbi
HOST=sccf06104916
HOSTNAME=sccf06104916.zsc14.intel.com
HOSTTYPE=x86_64-linux
INFOPATH=/usr/intel/pkgs/info/LATEST
INPUTRC=/etc/inputrc
INTGMSTR_HOME=/p/hdk/rtl/cad/x86-64_linux30/intel/IntgMstr/1.126
INTGMSTR_HOME_PATH=/p/hdk/rtl/cad/x86-64_linux30/intel/IntgMstr
IP_MODELS=/nfs/site/disks/abc.mod.0000
IWRAPPER_DEPTH=1,1718600490
JAVA_BINDIR=/usr/lib64/jvm/jre-openjdk/bin
JAVA_HOME=/usr/lib64/jvm/jre-openjdk
JAVA_ROOT=/usr/lib64/jvm/jre-openjdk
JRE_HOME=/usr/lib64/jvm/jre-openjdk
KONSOLE_DBUS_SERVICE=:1.29
KONSOLE_DBUS_SESSION=/Sessions/1
KONSOLE_DBUS_WINDOW=/Windows/1
KONSOLE_PROFILE_NAME=
LANG=en_US.UTF-8
LANGUAGE=
LC_COLLATE=C
LESS=-M -I -R
LESSCLOSE=lessclose.sh %s %s
LESSKEY=/etc/lesskey.bin
LESSOPEN=lessopen.sh %s
LESS_ADVANCED_PREPROCESSOR=no
LICENSE_DATA_OVRD=/p/hdk/rtl/proj_tools/license_data/ncsg/latest
LM_LICENSE_FILE=18764@xtensa11p.elic.intel.com
LM_PROJECT=NCSG
LOGNAME=chandrbi
LS_COLORS=no=00:fi=00:di=01;34:ln=00;36:pi=40;33:so=01;35:do=01;35:bd=40;33;01:cd=40;33;01:or=41;33;01:ex=00;32:*.cmd=00;32:*.exe=01;32:*.com=01;32:*.bat=01;32:*.btm=01;32:*.dll=01;32:*.tar=00;31:*.tbz=00;31:*.tgz=00;31:*.rpm=00;31:*.deb=00;31:*.arj=00;31:*.taz=00;31:*.lzh=00;31:*.lzma=00;31:*.zip=00;31:*.zoo=00;31:*.z=00;31:*.Z=00;31:*.gz=00;31:*.bz2=00;31:*.tb2=00;31:*.tz2=00;31:*.tbz2=00;31:*.xz=00;31:*.avi=01;35:*.bmp=01;35:*.fli=01;35:*.gif=01;35:*.jpg=01;35:*.jpeg=01;35:*.mng=01;35:*.mov=01;35:*.mpg=01;35:*.pcx=01;35:*.pbm=01;35:*.pgm=01;35:*.png=01;35:*.ppm=01;35:*.tga=01;35:*.tif=01;35:*.xbm=01;35:*.xpm=01;35:*.dl=01;35:*.gl=01;35:*.wmv=01;35:*.aiff=00;32:*.au=00;32:*.mid=00;32:*.mp3=00;32:*.ogg=00;32:*.voc=00;32:*.wav=00;32:
LS_OPTIONS=-N --color=tty -T 0
MACHTYPE=x86_64
MAIL=/var/spool/mail/chandrbi
MANPATH=/usr/local/man:/usr/share/man:/opt/quest/man:/usr/intel/man:/usr/share/man:/usr/local/man:/opt/quest/man
MATLAB_HOME=/p/hdk/cad/matlab/R2021b
MATLAB_VER=R2021b
MINICOM=-c on
MLM_LICENSE_FILE=1707@mathworks01p.elic.intel.com:1707@mathworks02p.elic.intel.com:1707@mathworks03p.elic.intel.com
MORE=-sl
MYSQL_HISTFILE=/dev/null
NB_JOB_IDS_TRACE=zsc14_ion.10677491 
NNTPSERVER=news.intel.com
OS=linux
OSTYPE=linux
PATH=/bin:/usr/bin:/usr/intel/bin
PERL5LIB=/nfs/site/proj/hdk/pu_tu/prd/liteinfra/1.15.SP1.p02/commonFlow/lib/perl
PERL_INLINE_DIRECTORY=/tmp/_Inline_chandrbi_10325_895766487.919989
PRJDIR=/nfs/site/disks/zsc14.xne_abc_fe_001/users/chandrbi/emulval_0p8_17Jun/abc_emul-srvrgen4
PROFILEHOME=
PWD=/nfs/site/disks/zsc14.xne_abc_fe_001/users/chandrbi/emulval_0p8_17Jun/abc_emul-srvrgen4
PYTHONPATH=scripts/table_utils:
PYTHONSTARTUP=/etc/pythonstart
QT_SYSTEM_DIR=/usr/share/desktop-data
RTLD_DEEPBIND=0
RTL_PROJ_BIN=/p/hdk/pu_tu/prd/proj_bin/abc/latest
SESSION_MANAGER=local/sccf06104916:@/tmp/.ICE-unix/31776,unix/sccf06104916:/tmp/.ICE-unix/31776
SHELL=/usr/intel/bin/tcsh
SHELL_SESSION_ID=db53b981d93c40458447c9c9dbbfd793
SHLVL=6
SPLUNK_PROJECT=ABC
SSH2_AGENT_PID=
SSH2_AUTH_SOCK=
SSH2_CLIENT=
SSH2_TTY=
SSH_AA_SOCK=
SSH_AGENT_PID=32000
SSH_AUTH_SOCK=/tmp/gpg-ByFj04/S.gpg-agent.ssh
SWTOOLS_ANA=/nfs/site/disks/xne_abc_fe_002/fw_tools/RI-2022.9-linux/XtensaTools
SWTOOLS_CTL=/nfs/site/disks/xne_abc_fe_002/fw_tools/RI-2022.9-linux/XtensaTools
TERM=xterm-256color
TOOLS_BASE=/nfs/site/disks/xne_abc_fe_002/fw_tools
TZ=PST8PDT
USER=chandrbi
USER_ITOOLS=/nfs/site/home/chandrbi/.itools
VENDOR=unknown
VNCDESKTOP=Xvnc: chandrbi on sccf06104916:17
VNCSESSION=1
WASH_LIST=-g arborcrest_soc -n arborcrest_soc gnr74 hdk10nm hdk10nmproc hdk7nm hdk7nmproc i1278 i1278proc intelall ncsg78 soc soc73 socenv srvr10nm ve_hw
WINDOWID=27262981
WORKAREA=/nfs/site/disks/zsc14.xne_abc_fe_001/users/chandrbi/emulval_0p8_17Jun/abc_emul-srvrgen4
XCURSOR_THEME=Industrial
XDG_CACHE_HOME=/tmp/kdecache-chandrbi
XDG_CONFIG_DIRS=/etc/xdg:/usr/etc/xdg
XDG_DATA_DIRS=/usr/share:/usr/share
XDG_MENU_PREFIX=xfce-
XKEYSYMDB=/usr/X11R6/lib/X11/XKeysymDB
XNLSPATH=/usr/share/X11/nls
_=/usr/bin/printenv
__NB_CLASS=((SLES12) &&Host!='scfa231917') && (vnc)
__NB_CLASSRESERVATION=int_users=1,cores=0.05,int_memory=0.5,memory=0.5,vnc=1,int_cores=0.05
__NB_HOME=/nfs/site/gen/adm/netbatch/install/8.6.0_0979_08
__NB_INTERACTIVE_SESSIONID=zsc14_ion.10677491
__NB_JOBID=zsc14_ion.10677491
__NB_LOCAL_BIN=/var/netstar/bin
__NB_LOG_FILE=/dev/null
__NB_POOL=zsc14_ion
__NB_QSLOT=xne/vnc
__NB_QUEUE=zsc14_interactive
__NB_RUNNING_ON_DYNAMIC_WSM=false
__NB_SUBMITTING_USER=chandrbi
__NB_SUBMIT_PWD=/tmp
__NB_TIMES_RESTARTED=
__NB_UNIQUE_EXEC_ID=39797
__NB_USER_LOG_FILE=/dev/null
__NB_WSM_JETTY_CONTROLLER_PORT=31556
